KWJ 35.16 126.99 0
HDB 35.73 129.40 0
IMS 35.61 127.29 0
HUK 34.68 125.45 0
GKP1 35.89 128.61 0
HAC 35.56 128.17 0
DGY 37.69 128.67 0
SWO 37.27 126.97 0
DDC 37.89 127.06 0
AND 36.57 128.71 0
BRD 37.97 124.63 0
MAS 35.17 128.57 0
CHC 37.78 127.81 0
SKC 38.29 128.52 0
HOC 37.68 127.88 0
CHO 35.82 127.15 0
BUS 35.25 129.11 0
BUY 36.27 126.92 0
DAG 35.77 128.90 0
INJ 38.05 128.17 0
CWO 38.08 127.52 0
YGN 35.40 126.42 0
YOW 37.17 128.46 0
MOP 34.81 126.38 0
CHI 35.20 128.12 0
ULC 36.99 129.41 0
TOH 37.50 129.12 0
UCN 37.08 129.38 0
SOS 36.78 126.49 0
YAP 37.48 127.49 0
PUS 35.10 129.03 0
CPN 36.22 127.99 0
CHY 36.94 128.92 0
SES 36.79 126.45 0
CEA 36.82 127.26 0
KOH 34.61 127.27 0
SEO 37.49 126.92 0
WON 37.33 127.94 0
KUJ 34.88 128.60 0
ULJ 36.70 129.41 0
HAN 34.57 126.57 0
KUM 36.12 128.32 0
TJN 36.38 127.36 0
EUS 36.35 128.69 0
MIY 35.49 128.74 0
CHU 37.89 127.73 0
YJD 37.47 126.43 0
NAW 35.40 127.33 0
WSN 35.72 129.47 0
YOS 34.74 127.74 0
SUC 35.07 127.24 0
KAN 37.74 128.89 0
YOD 36.53 129.41 0
YOC 35.97 128.95 0
TEJ 36.37 127.37 0
POR 36.32 126.56 0
CEJ 36.64 127.44 0
SNU 37.45 126.96 0
JEC 37.15 128.19 0
PHA 36.19 129.37 0
KRN 35.33 129.30 0
CHA 36.77 127.12 0
BGD 34.16 126.56 0
TAG 35.88 128.62 0
WAN 34.39 126.70 0
BOE 36.49 127.74 0
KUC 35.67 127.91 0
ULS 35.55 129.32 0
KMS 36.10 127.48 0
KUS 36.02 126.83 0
NAH 34.82 127.93 0
PUA 35.72 126.72 0
CHJ 36.87 127.98 0
MUS 37.89 126.76 0
SAC 35.41 127.88 0
JEU 35.49 126.93 0
MUG 36.62 128.15 0
TOY 34.85 128.44 0
ICN 37.29 127.42 0
JAH 34.69 126.92 0
