BJT 40.0183 116.168 137
ENH 30.2762 109.494 500
ERM 42.015 143.157 40
HIA 49.2704 119.741 620
INU 35.35 137.029 132
JCJ 27.0957 142.184 150
JHJ2 33.1153 139.814 70
JKA 44.1188 142.593 220
JNU 33.125 130.877 540
JOW 26.836 128.273 220
KMNB 24.4638 118.388 54
MAJO 36.5457 138.204 405
MDJ 44.617 129.591 220
NACB 24.1738 121.595 130
SSE 31.0948 121.191 40
SSLB 23.7876 120.954 450
TATO 24.9735 121.497 159.7
TATO 24.9735 121.497 77.1
TPUB 23.3005 120.63 370
TWGB 22.8177 121.08 195
XAN 34.0313 108.924 630
YHNB 24.6695 121.376 785
YOJ 24.4672 123.011 32
YSS 46.9587 142.76 148
YULB 23.3925 121.297 340
