240 KWATER  ADG 2007-04-15          -         -         -      -
239    KMA  ADO 2007-12-26 2011-12-31   36.4121  128.9488    303
238    KMA ADO2 2007-12-26          -   36.4121  128.9488    320
237 KWATER  AGG 2008-11-20          -         -         -      -
236  KIGAM  AJD 2015-08-19          -         -         -      -
235    KMA  ANM 2002-11-07          -   36.5387  126.3300     94
234 KWATER  BAG 2007-04-15          -         -         -      -
233    KMA  BAR 2008-02-14          -   37.9771  124.7142     70
232  KIGAM  BBK 2007-12-26          -         -         -      -
231  KIGAM  BGD 2005-01-01          -         -         -      -
230    KMA  BON 2005-11-02          -   36.5482  127.7981    331
229    KMA BOSB 2012-10-19          -   34.7634  127.2121     46
228 KWATER  BRG 2006-12-19          -         -         -      -
227    KMA  BSA 2007-12-12          -   35.1048  129.0319    113
226    KMA  BUS 2001-12-28 2009-12-31   35.2486  129.1125     98
225    KMA BUS2 2001-12-08          -   35.2486  129.1125    115
224    KMA  BUY 2000-11-24          -   36.2726  126.9206     54
223    EKR  CCD 2011-12-15          -         -         -      -
222    EKR  CCF 2011-12-15          -         -         -      -
221    EKR  CCU 2011-12-15          -         -         -      -
220    KMA  CEA 2004-12-10          -   36.8231  127.2575    186
219    KMA  CEJ 2000-11-21          -   36.6398  127.4405     98
218  KIGAM  CGD 2007-12-26          -         -         -      -
217    KMA  CHC 2001-12-14 2013-01-09   37.7776  127.8145    238
216    KMA CHC2 2001-12-14          -   37.7776  127.8145    234
215    KMA  CHJ 2001-12-21 2010-11-02   36.8730  127.9748    217
214    KMA CHJ2 2001-12-21          -   36.8730  127.9748    239
213  KIGAM CHNB 2005-01-01          -         -         -      -
212    KMA  CHO 2007-12-10          -   35.8214  127.1549     93
211    KMA  CHR 2006-12-30          -   35.5440  128.4917    112
210  KIGAM  CHS 2006-10-31          -         -         -    248
209    KMA  CHS 2006-12-27 2014-07-31   36.3919  129.0794    266
208    KMA  CHY 2000-11-22          -   36.9438  128.9145    371
207    KMA  CIG 2007-12-17          -   36.0386  128.3832     70
206 KWATER  CJG 2007-01-26          -         -         -      -
205    KMA  CPR 2006-12-30          -   36.2211  127.9719    292
204    KMA  CSO 2006-12-27          -   36.3919  129.0794    266
203    KMA  CWO 2002-11-30          -   38.0835  127.5205    344
202    KMA DACB 2010-12-01          -   37.8317  124.7068     84
201    KMA  DAG 2001-12-05 2010-11-01   35.7685  128.8970    262
200    KMA DAG2 2001-12-05          -   35.7685  128.8970    283
199    KMA  DAU 2007-12-11          -   35.8856  128.6188    101
198 KWATER  DBG 2008-11-19          -         -         -      -
197    KMA  DDC 2000-11-10          -   37.9021  127.0611    147
196    KMA  DEI 2007-12-31          -   37.2558  126.1049     66
195 KWATER  DGG 2008-12-06          -         -         -      -
194    KMA  DGY 2001-12-11 2010-11-01   37.6904  128.6742    801
193    KMA DGY2 2001-12-11          -   37.6904  128.6742    825
192  KIGAM  DKJ 2007-12-26          -         -         -      -
191    EKR  DYD 2008-11-27          -         -         -      -
190    EKR  DYF 2008-11-27          -         -         -      -
189    EKR  DYU 2008-11-27          -         -         -      -
188    KMA EMSB 2011-12-31          -   36.9737  127.6236    170
187    KMA EURB 2012-11-11          -   35.3227  128.2880     63
186    KMA  EUS 2000-11-21          -   36.3563  128.6887    121
185    KMA  GAH 2007-12-10 2010-11-24   37.7074  126.4466     63
184    KMA GAHB 2009-01-01          -   37.7076  126.4465     61
183    KMA  GBI 2007-12-10          -   36.6255  125.5596    116
182 KWATER  GCG 2008-06-01          -         -         -      -
181 KWATER  GDG 2008-11-18          -         -         -      -
180    KMA  GIC 2007-12-17          -   36.0798  128.1024    124
179  KIGAM GKP1 2005-01-01          -         -         -      -
178    KMA GOCB 2012-11-17          -   35.3484  126.5982     92
177    KMA  GOS 2002-10-29 2011-11-29   33.2940  126.1628    104
176    KMA GOS1 2002-10-29          -   33.3003  126.2100    109
175 KWATER  GPG 2012-07-31          -         -         -      -
174  KIGAM  GRE 2007-12-26          -         -         -      -
173    KMA  GSG 2007-11-29          -   37.5484  126.8446     54
172  KIGAM  GSU 2008-11-19          -         -         -      -
171    KMA  GUM 2006-12-30          -   36.2348  128.2903    104
170    KMA  GUS 2006-12-30          -   36.0372  126.7820     41
169 KWATER  GWG 2010-06-01          -         -         -      -
168    KMA  GWJ 2007-12-13          -   35.1730  126.8915    104
167    KMA  GWL 2007-12-13          -   37.2070  128.8236      1
166    KMA GWYB 2012-10-20          -   34.9435  127.6915    137
165    KMA  HAC 2000-12-05          -   35.5651  128.1698      -
164    KMA  HAD 2006-12-30          -   35.0797  127.7696     69
163  KIGAM  HAK 2007-12-26          -         -         -      -
162    KMA HALB 2012-12-28          -   33.4019  126.2729    106
161    KMA HAMB 2012-11-02          -   35.5115  127.7456    204
160    KMA  HAN 2001-09-08          -   34.5538  126.5691     50
159    KMA HAWB 2012-12-25          -   37.0844  126.7740     54
158 KWATER  HCG 2007-03-30          -         -         -      -
157  KIGAM  HDB 2008-11-19          -         -         -    463
156    KMA  HES 2007-12-13          -   37.4930  127.9931    180
155  KIGAM  HKU 2005-01-01          -         -         -      -
154    KMA  HOC 2001-11-13          -   37.6838  127.8803    187
153  KIGAM  HSB 2008-11-19          -         -         -    463
152 KWATER  HSG 2008-11-19          -         -         -      -
151    KMA  HUK 1999-04-18 2011-12-31   34.6871  125.4504     95
150    KMA HUK2 1999-04-18          -   34.6871  125.4504    134
149    KMA HWCB 2010-12-01          -   38.2214  127.6707    291
148  KIGAM HWSB 2008-11-19          -         -         -    463
147    KMA  ICN 2003-11-28          -   37.2907  127.4167     99
146 KWATER  IHG 2013-01-01          -         -         -      -
145    KMA  IJA 2006-12-30          -   37.9866  128.1111    209
144    KMA  IMS 2000-12-06          -   35.6125  127.2859    288
143    KMA IMWB 2012-12-23          -   37.2380  129.3419     46
142    KMA  INC 2000-11-08          -   37.4776  126.6239    154
141    KMA  JAH 2000-12-08          -   34.6889  126.9195     85
140    KMA  JAS 2002-10-21          -   35.6571  127.5204    447
139 KWATER  JBG 2007-04-01          -         -         -      -
138    KMA  JDO 2007-12-31          -   34.4730  126.3238    480
137    KMA  JEC 2000-11-20          -   37.1595  128.1943    296
136    KMA  JEO 2007-12-20 2012-01-09   35.9378  127.2928    176
135    KMA JEO2 2009-12-07          -   35.9378  127.2928    188
134    KMA  JES 2006-12-30          -   37.4303  128.6650    419
133    KMA  JEU 2003-11-26          -   35.4935  126.9298    193
132    KMA  JIN 2005-12-16          -   35.1615  128.0301     92
131  KIGAM  JJB 2008-11-19          -         -         -    463
130 KWATER  JJG 2007-04-01          -         -         -      -
129    KMA  JJU 2003-12-03          -   33.4306  126.5463    536
128    KMA  JMJ 2007-12-31          -   37.8816  128.7561     75
127  KIGAM  JRB 2008-11-19          -         -         -      -
126  KIGAM  JSB 2008-11-19          -         -         -      -
125    KMA  JUR 2006-12-30          -   37.6136  127.0886     67
124    KMA  KAW 2001-12-15          -   37.8052  128.8548      -
123    KMA  KCH 2006-12-30          -   35.6140  127.9188    423
122  KIGAM  KJM 2007-12-26          -         -         -      -
121  KIGAM  KMC 2007-12-26          -         -         -      -
120    KMA KMSA 2011-10-07          -   36.1059  127.4816    210
119    KMA  KOH 2000-02-10 2010-12-16   34.6090  127.2733      -
118    KMA KOHB 2009-09-24          -   34.6184  127.2758     69
117    KMA  KOJ 2006-12-30 2011-12-19   36.4708  127.1447     91
116    KMA KOJ2 2009-12-10          -   36.4708  127.1447     81
115  KEPRI  KRA 1999-05-01          -         -         -      -
114  KEPRI  KRB 1999-05-01          -         -         -      -
113  KEPRI  KRC 2003-12-01          -         -         -      -
112  KEPRI  KRD 2003-12-01          -         -         -      -
111   KINS  KRN 1998-12-02          -         -         -      -
110  KIGAM  KSA 2005-01-01          -         -         -      -
109    KMA  KUJ 2000-03-05 2012-12-31   34.8885  128.6047     84
108    KMA KUJA 2012-12-31          -   34.8885  128.6047     82
107    KMA  KWJ 2000-12-13          -   35.1599  126.9911    205
106  KIGAM  MAK 2007-12-26          -         -         -      -
105    KMA  MAN 2007-12-31          -   35.0939  126.2850     60
104    KMA  MAS 2009-12-15          -   35.1703  128.5722     60
103  KIGAM  MGB 2008-11-19          -         -         -      -
102    KMA  MGY 2006-12-30          -   36.6552  128.0608    182
101    KMA MIYA 2000-03-04          -   35.4916  128.7444     55
100  KIGAM  MKL 2007-12-26          -         -         -      -
 99    KMA  MOK 2007-12-31          -   34.7655  126.7379    166
 98    KMA  MOP 2006-12-27          -   34.8169  126.3810     70
 97 KWATER  MRG 2001-12-15          -         -         -      -
 96  KIGAM  MUN 2007-12-26          -         -         -      -
 95    KMA  MUS 2002-10-19          -   37.8862  126.7657     45
 94    KMA  NAH 2002-10-31          -   34.8167  127.9262     97
 93    KMA  NAJ 2006-12-30          -   35.0261  126.8265     69
 92  KEPRI  NAS 2012-04-23          -         -         -      -
 91    KMA  NAW 2000-02-07 2013-01-09   35.4056  127.3329    128
 90    KMA NAWB 2012-12-20          -   35.4213  127.3964    187
 89 KWATER  NGG 2006-06-01          -         -         -      -
 88  KEPRI  NGP 2012-04-23          -         -         -      -
 87    KMA  NOW 2007-11-29          -   37.6865  127.0693    152
 86  KIGAM  NPR 2005-01-01          -         -         -      -
 85  KEPRI  NSS 2012-04-23          -         -         -      -
 84  KEPRI  NTB 2012-04-23          -         -         -      -
 83    KMA OKCB 2012-12-05          -   36.3461  127.7941    165
 82    KMA OKEB 2011-12-31          -   37.6209  128.9803     74
 81  KIGAM  PCH 2007-12-26          -         -         -      -
 80    KMA  PHA 2004-12-20 2011-12-31   36.1929  129.3708     41
 79    KMA PHA2 2004-12-20          -   36.1929  129.3708     46
 78    KMA  POR 2000-02-18 2012-10-05   36.3276  126.5557     59
 77    KMA PORA 2012-10-23          -   36.3278  126.5575     59
 76    KMA  PTK 2007-12-12          -   36.9858  127.1076     57
 75    KMA  PUA 2000-02-13          -   35.7298  126.7166     46
 74    KMA  PYC 2007-12-13          -   37.3713  128.3907    336
 73    KMA  SAC 2000-12-06          -   35.4131  127.8789    186
 72 KWATER  SAG 2008-12-06          -         -         -      -
 71    KMA  SAJ 2006-12-30          -   36.4079  128.1575    145
 70    KMA  SCH 2006-12-30          -   35.0650  127.2406    159
 69 KWATER  SEG 2008-12-01          -         -         -      -
 68    KMA SEHB 2009-01-01          -   38.2686  128.2525    410
 67    KMA  SEO 1998-10-29 2009-12-31   37.4879  126.9188    105
 66    KMA SEO2 1998-10-29          -   37.4939  126.9171    105
 65    KMA  SES 2000-12-19 2013-01-09   36.7893  126.4531     99
 64    KMA SES2 2000-12-19          -   36.7893  126.4531    132
 63    KMA  SGP 2003-12-23          -   33.2587  126.4994    215
 62    KMA SHHB 2011-12-31          -   37.3488  126.7039     49
 61 KWATER  SJG 2007-04-02          -         -         -      -
 60    KMA  SKC 2004-12-24          -   38.2899  128.5219     62
 59    KMA SMKB 2011-12-31          -   35.6891  126.5561     55
 58  KIGAM  SND 2005-01-01          -         -         -      -
 57 KWATER  SNG 2008-12-06          -         -         -      -
 56  KIGAM  SNU 2005-01-01          -         -         -      -
 55    KMA  SOD 2006-12-30          -   37.5714  126.9660    134
 54  KEPRI  SRJ 2003-12-01          -         -         -      -
 53    KMA  SSP 2001-11-21          -   33.3873  126.8801     55
 52    KMA SUCA 2012-11-25          -   35.3736  127.1386    140
 51    KMA  SWO 2002-11-06          -   37.2809  126.9824     98
 50 KWATER  SYG 2007-03-26          -         -         -      -
 49    KMA  TBA 2006-12-30          -   37.1226  128.9523    818
 48    KMA  TEJ 2001-12-20          -   36.3725  127.3711     93
 47  KIGAM  TJN 2005-01-01          -         -         -      -
 46    KMA  TOH 2000-03-10          -   37.5070  129.1238     84
 45    KMA  TOY 2006-12-30          -   34.8452  128.4361     53
 44   KINS  UCN 1999-08-29          -         -         -      -
 43  KEPRI  UJA 1999-05-01          -         -         -      -
 42  KEPRI  UJB 2003-12-01          -         -         -      -
 41    KMA  UJN 2007-11-29          -   36.9919  129.4130    136
 40    KMA  UL1 2006-12-27          -   37.3619  130.8802      -
 39    KMA ULDB 2006-12-30          -   37.5405  130.9169     64
 38    KMA  ULJ 2000-12-18 2010-11-02   36.7020  129.4084     86
 37    KMA ULJ2 2000-12-18          -   36.7020  129.4084     89
 36    KMA ULLB 2006-12-30 2014-10-24   37.5405  130.9169     64
 35 KWATER  UMG 2007-04-02          -         -         -      -
 34    KMA  USN 2007-12-27          -   35.7024  129.1232    245
 33    KMA  WAN 1999-04-07          -   34.3959  126.7019     47
 32    KMA  WJU 2005-11-24 2011-12-30   37.4034  128.0526    387
 31    KMA WJU2 2005-11-24          -   37.4034  128.0526    386
 30  KEPRI  WSA 1999-05-01          -         -         -      -
 29  KEPRI  WSB 1999-05-01          -         -         -      -
 28  KEPRI  WSC 1999-05-01          -         -         -      -
 27  KEPRI  WSD 2003-12-01          -         -         -      -
 26   KINS  WSN 1998-12-02          -         -         -      -
 25    KMA YAPA 2011-12-31          -   37.4889  127.4943     93
 24    KMA  YAY 2006-12-30          -   38.0195  128.7232     50
 23 KWATER  YCG 2007-11-14          -         -         -      -
 22    KMA  YCH 2007-12-17          -   36.6296  128.4259    107
 21    EKR  YDD 2011-12-15          -         -         -      -
 20    EKR  YDF 2011-12-15          -         -         -      -
 19 KWATER  YDG 2008-11-18          -         -         -      -
 18    EKR  YDS 2011-12-15          -         -         -      -
 17    EKR  YDU 2011-12-15          -         -         -      -
 16    KMA  YEG 2007-12-12          -   35.2837  126.4772     70
 15    KMA  YES 2010-12-23          -   34.7395  127.7405    103
 14  KEPRI  YGA 1999-05-01          -         -         -      -
 13  KEPRI  YGB 1999-05-01          -         -         -      -
 12   KINS  YGN 1999-08-29          -         -         -      -
 11  KIGAM  YIN 2007-12-26          -         -         -      -
 10    KMA  YJD 2001-11-07          -   37.4803  126.4485     39
  9  KIGAM  YKB 2008-11-19          -         -         -      -
  8    KMA YNCB 2009-01-01          -   38.0398  126.9258     55
  7    KMA  YOC 2000-11-20          -   35.9773  128.9512    127
  6    KMA  YOD 2000-03-09          -   36.5332  129.4094     87
  5    KMA  YOJ 2000-11-22          -   36.8719  128.5167    257
  4    KMA  YOW 2000-02-22          -   37.1812  128.4570    279
  3  KIGAM  YPD 2007-12-26          -         -         -      -
  2  KIGAM  YSB 2008-11-19          -         -         -      -
  1    KMA  YSU 2006-12-30          -   35.1027  127.5968    567
