ADO 36.4121 128.9488 303
ADO2 36.4121 128.9488 320
ADOA 36.5726 128.7011 158
AMD 35.3438 126.0302 86
ANM 36.5387 126.33 94
BAR 37.9771 124.7142 70
BON 36.5482 127.7981 331
BOSB 34.7634 127.2121 46
BSA 35.1048 129.0319 113
BUS 35.2486 129.1125 98
BUS2 35.2486 129.1125 115
BUY 36.2726 126.9206 54
BUYB 36.2727 126.9207 65
CEA 36.8231 127.2575 186
CEJ 36.6398 127.4405 98
CHC 37.7776 127.8145 238
CHC2 37.7776 127.8145 234
CHJ 36.873 127.9748 217
CHJ2 36.873 127.9748 239
CHO 35.8214 127.1549 93
CHR 35.544 128.4917 112
CHS 36.3919 129.0794 266
CHY 36.9438 128.9145 371
CHYB 36.9439 128.9145 374
CIG 36.0386 128.3832 70
CJD 33.9623 126.2879 93
CPR 36.2211 127.9719 292
CSO 36.3919 129.0794 266
CWO 38.0835 127.5205 344
DACB 37.8317 124.7068 84
DAG 35.7685 128.897 262
DAG2 35.7685 128.897 283
DAU 35.8856 128.6188 101
DDC 37.9021 127.0611 147
DEI 37.2558 126.1049 66
DGY 37.6904 128.6742 801
DGY2 37.6904 128.6742 825
ECDB 36.1185 125.9795 94
EMSB 36.9737 127.6236 170
EURB 35.3227 128.288 63
EUS 36.3563 128.6887 121
EUSB 36.3563 128.6877 142
GAH 37.7074 126.4466 63
GAHB 37.7076 126.4465 61
GAPB 37.8543 127.5032 113
GBI 36.6255 125.5596 116
GGDB 34.0521 125.1264 58
GIC 36.0798 128.1024 124
GMDB 34.0409 127.2884 125
GOCB 35.3484 126.5982 92
GOS 33.294 126.1628 104
GOS1 33.3003 126.21 109
GOS2 33.294 126.1628 99
GSG 37.5484 126.8446 54
GUM 36.2348 128.2903 104
GUS 36.0372 126.782 41
GWJ 35.173 126.8915 104
GWL 37.207 128.8236 979
GWYB 34.9435 127.6915 137
HAC 35.5651 128.1698 72
HACA 35.4144 128.1212 129
HAD 35.0797 127.7696 69
HALB 33.4019 126.2729 106
HAMB 35.5115 127.7456 204
HAN 34.5538 126.5691 50
HANB 34.5538 126.5691 52
HAWB 37.0844 126.774 54
HES 37.493 127.9931 180
HOC 37.6838 127.8803 187
HUK 34.6871 125.4504 95
HUK2 34.6871 125.4504 134
HWCA 38.0573 127.774 288
HWCB 38.2214 127.6707 291
ICN 37.2907 127.4167 99
IJA 37.9866 128.1111 209
IJAA 37.9459 128.3205 333
IKSA 36.0592 127.0619 81
IMS 35.6125 127.2859 288
IMWB 37.238 129.3419 46
INC 37.4776 126.6239 154
JAH 34.6889 126.9195 85
JAS 35.6571 127.5204 447
JDO 34.473 126.3238 480
JEC 37.1595 128.1943 296
JECB 37.1596 128.1947 315
JEO 35.9378 127.2928 176
JEO2 35.9378 127.2928 188
JES 37.4303 128.665 419
JEU 35.4935 126.9298 193
JIN 35.1615 128.0301 92
JJU 33.4306 126.5463 536
JMJ 37.8816 128.7561 75
JNPA 36.7955 127.5619 119
JUR 37.6136 127.0886 67
KAW 37.8052 128.8548 118
KCH 35.614 127.9188 423
KMSA 36.1059 127.4816 210
KOH 34.609 127.2733 0
KOHB 34.6184 127.2758 69
KOJ 36.4708 127.1447 91
KOJ2 36.4708 127.1447 81
KUJ 34.8885 128.6047 84
KUJA 34.8885 128.6047 82
KWJ 35.1599 126.9911 205
KWJ2 35.1599 126.991 249
KWJU 35.1599 126.991 249
MAN 35.0939 126.285 60
MAS 35.1703 128.5722 60
MGY 36.6552 128.0608 182
MIYA 35.4916 128.7444 55
MND 35.8043 126.4242 42
MOK 34.7655 126.7379 166
MOP 34.8169 126.381 70
MUS 37.8862 126.7657 45
NAH 34.8167 127.9262 97
NAJ 35.0261 126.8265 69
NAW 35.4056 127.3329 128
NAWB 35.4213 127.3964 187
NOW 37.6865 127.0693 152
OKCB 36.3461 127.7941 165
OKEB 37.6209 128.9803 74
OYDB 36.2292 126.0759 62
PHA 36.1929 129.3708 41
PHA2 36.1929 129.3708 46
POR 36.3276 126.5557 59
PORA 36.3278 126.5575 59
PTK 36.9858 127.1076 57
PUA 35.7298 126.7166 46
PYC 37.3713 128.3907 336
PYCA 37.562 128.3776 580
SAC 35.4131 127.8789 186
SAJ 36.4079 128.1575 145
SCH 35.065 127.2406 159
SEHB 38.2686 128.2525 410
SEO 37.4879 126.9188 105
SEO2 37.4939 126.9171 105
SES 36.7893 126.4531 99
SES2 36.7893 126.4531 132
SGP 33.2587 126.4994 215
SHHB 37.3488 126.7039 49
SKC 38.2899 128.5219 62
SMKB 35.6891 126.5561 55
SOD 37.5714 126.966 134
SSP 33.3873 126.8801 55
SUCA 35.3736 127.1386 140
SWO 37.2809 126.9824 98
TBA 37.1226 128.9523 818
TEJ 36.3725 127.3711 93
TOH 37.507 129.1238 84
TOY 34.8452 128.4361 53
UJN 36.9919 129.413 136
UL1 37.3619 130.8802 -2188
ULDB 37.4814 130.8986 230
ULJ 36.702 129.4084 86
ULJ2 36.702 129.4084 89
ULLB 37.5405 130.9169 64
USN 35.7024 129.1232 245
WAN 34.3959 126.7019 47
WAN2 34.3959 126.7018 104
WJU 37.4034 128.0526 387
WJU2 37.4034 128.0526 386
YAPA 37.4889 127.4943 93
YAY 38.0195 128.7232 50
YAYA 38.1437 128.6026 58
YCH 36.6296 128.4259 107
YEG 35.2837 126.4772 70
YES 34.7395 127.7405 103
YJD 37.4803 126.4485 39
YKDB 34.6363 128.2633 153
YNCB 38.0398 126.9258 55
YNDB 34.4326 127.8011 52
YOC 35.9773 128.9512 127
YOCB 35.9772 128.9511 143
YOD 36.5332 129.4094 87
YODB 36.5332 129.4094 52
YOJ 36.8719 128.5167 257
YOJB 36.8719 128.5167 262
YOW 37.1812 128.457 279
YPDB 37.6079 125.7103 104
YSU 35.1027 127.5968 567
