  ADO    36.4121   128.9488   303.0
 ADO2    36.4121   128.9488   320.0
  ANM    36.5387   126.3300    94.0
  BAR    37.9771   124.7142    70.0
  BON    36.5482   127.7981   331.0
 BOSB    34.7634   127.2121    46.0
  BSA    35.1048   129.0319   113.0
  BUS    35.2486   129.1125    98.0
 BUS2    35.2486   129.1125   115.0
  BUY    36.2726   126.9206    54.0
  CEA    36.8231   127.2575   186.0
  CEJ    36.6398   127.4405    98.0
  CHC    37.7776   127.8145   238.0
 CHC2    37.7776   127.8145   234.0
  CHJ    36.8730   127.9748   217.0
 CHJ2    36.8730   127.9748   239.0
  CHO    35.8214   127.1549    93.0
  CHR    35.5440   128.4917   112.0
  CHS    36.3919   129.0794   266.0
  CHY    36.9438   128.9145   371.0
  CIG    36.0386   128.3832    70.0
  CPR    36.2211   127.9719   292.0
  CSO    36.3919   129.0794   266.0
  CWO    38.0835   127.5205   344.0
 DACB    37.8317   124.7068    84.0
  DAG    35.7685   128.8970   262.0
 DAG2    35.7685   128.8970   283.0
  DAU    35.8856   128.6188   101.0
  DDC    37.9021   127.0611   147.0
  DEI    37.2558   126.1049    66.0
  DGY    37.6904   128.6742   801.0
 DGY2    37.6904   128.6742   825.0
 EMSB    36.9737   127.6236   170.0
 EURB    35.3227   128.2880    63.0
  EUS    36.3563   128.6887   121.0
  GAH    37.7074   126.4466    63.0
 GAHB    37.7076   126.4465    61.0
  GBI    36.6255   125.5596   116.0
  GIC    36.0798   128.1024   124.0
 GOCB    35.3484   126.5982    92.0
  GOS    33.2940   126.1628   104.0
 GOS1    33.3003   126.2100   109.0
  GSG    37.5484   126.8446    54.0
  GUM    36.2348   128.2903   104.0
  GUS    36.0372   126.7820    41.0
  GWJ    35.1730   126.8915   104.0
  GWL    37.2070   128.8236     1.0
 GWYB    34.9435   127.6915   137.0
  HAC    35.5651   128.1698     0.0
  HAD    35.0797   127.7696    69.0
 HALB    33.4019   126.2729   106.0
 HAMB    35.5115   127.7456   204.0
  HAN    34.5538   126.5691    50.0
 HAWB    37.0844   126.7740    54.0
  HES    37.4930   127.9931   180.0
  HOC    37.6838   127.8803   187.0
  HUK    34.6871   125.4504    95.0
 HUK2    34.6871   125.4504   134.0
 HWCB    38.2214   127.6707   291.0
  ICN    37.2907   127.4167    99.0
  IJA    37.9866   128.1111   209.0
  IMS    35.6125   127.2859   288.0
 IMWB    37.2380   129.3419    46.0
  INC    37.4776   126.6239   154.0
  JAH    34.6889   126.9195    85.0
  JAS    35.6571   127.5204   447.0
  JDO    34.4730   126.3238   480.0
  JEC    37.1595   128.1943   296.0
  JEO    35.9378   127.2928   176.0
 JEO2    35.9378   127.2928   188.0
  JES    37.4303   128.6650   419.0
  JEU    35.4935   126.9298   193.0
  JIN    35.1615   128.0301    92.0
  JJU    33.4306   126.5463   536.0
  JMJ    37.8816   128.7561    75.0
  JUR    37.6136   127.0886    67.0
  KAW    37.8052   128.8548     0.0
  KCH    35.6140   127.9188   423.0
 KMSA    36.1059   127.4816   210.0
  KOH    34.6090   127.2733     0.0
 KOHB    34.6184   127.2758    69.0
  KOJ    36.4708   127.1447    91.0
 KOJ2    36.4708   127.1447    81.0
  KUJ    34.8885   128.6047    84.0
 KUJA    34.8885   128.6047    82.0
  KWJ    35.1599   126.9911   205.0
  MAN    35.0939   126.2850    60.0
  MAS    35.1703   128.5722    60.0
  MGY    36.6552   128.0608   182.0
 MIYA    35.4916   128.7444    55.0
  MOK    34.7655   126.7379   166.0
  MOP    34.8169   126.3810    70.0
  MUS    37.8862   126.7657    45.0
  NAH    34.8167   127.9262    97.0
  NAJ    35.0261   126.8265    69.0
  NAW    35.4056   127.3329   128.0
 NAWB    35.4213   127.3964   187.0
  NOW    37.6865   127.0693   152.0
 OKCB    36.3461   127.7941   165.0
 OKEB    37.6209   128.9803    74.0
  PHA    36.1929   129.3708    41.0
 PHA2    36.1929   129.3708    46.0
  POR    36.3276   126.5557    59.0
 PORA    36.3278   126.5575    59.0
  PTK    36.9858   127.1076    57.0
  PUA    35.7298   126.7166    46.0
  PYC    37.3713   128.3907   336.0
  SAC    35.4131   127.8789   186.0
  SAJ    36.4079   128.1575   145.0
  SCH    35.0650   127.2406   159.0
 SEHB    38.2686   128.2525   410.0
  SEO    37.4879   126.9188   105.0
 SEO2    37.4939   126.9171   105.0
  SES    36.7893   126.4531    99.0
 SES2    36.7893   126.4531   132.0
  SGP    33.2587   126.4994   215.0
 SHHB    37.3488   126.7039    49.0
  SKC    38.2899   128.5219    62.0
 SMKB    35.6891   126.5561    55.0
  SOD    37.5714   126.9660   134.0
  SSP    33.3873   126.8801    55.0
 SUCA    35.3736   127.1386   140.0
  SWO    37.2809   126.9824    98.0
  TBA    37.1226   128.9523   818.0
  TEJ    36.3725   127.3711    93.0
  TOH    37.5070   129.1238    84.0
  TOY    34.8452   128.4361    53.0
  UJN    36.9919   129.4130   136.0
  UL1    37.3619   130.8802     0.0
 ULDB    37.5405   130.9169    64.0
  ULJ    36.7020   129.4084    86.0
 ULJ2    36.7020   129.4084    89.0
 ULLB    37.5405   130.9169    64.0
  USN    35.7024   129.1232   245.0
  WAN    34.3959   126.7019    47.0
  WJU    37.4034   128.0526   387.0
 WJU2    37.4034   128.0526   386.0
 YAPA    37.4889   127.4943    93.0
  YAY    38.0195   128.7232    50.0
  YCH    36.6296   128.4259   107.0
  YEG    35.2837   126.4772    70.0
  YES    34.7395   127.7405   103.0
  YJD    37.4803   126.4485    39.0
 YNCB    38.0398   126.9258    55.0
  YOC    35.9773   128.9512   127.0
  YOD    36.5332   129.4094    87.0
  YOJ    36.8719   128.5167   257.0
  YOW    37.1812   128.4570   279.0
  YSU    35.1027   127.5968   567.0
