AND 36.5687 128.7057 140.0
BGD 34.1596 128.5553 0.0
BRD 37.9677 124.6303 169.0
BUS 35.2487 129.1125 91.0
BUY 36.2683 126.9204 11.34
CHA 36.7727 127.1193 24.89
CHI 35.2032 128.1194 21.0
CHC 37.7775 127.8145 245.0
CHO 35.8178 127.1542 54.0
CHJ 36.8730 127.9748 227.0
CHY 36.9378 128.9167 321.52
CHU 37.8904 127.7308 125.0
CHW 38.1404 127.3038 154.22
CPN 36.2168 127.9912 242.53
CWO 38.0833 127.5167 351.00
DAG 35.7685 128.8970 262.0
DGY 37.6904 128.6742 791.0
EUS 36.3519 128.6870 81.09
GKP1 35.8891 128.6056 0.0
HAC 35.5572 128.1699 32.66
HDB 35.7307 129.4012 0.0
HUK 34.6873 125.4506 17.0
IMS 35.6055 127.2859 246.85
ICN 37.2907 127.4167 164.00
INJ 38.0543 128.1681 198.59
JEC 37.1538 128.1912 263.21
JEU 35.4935 126.9298 182.00
JJU 33.4306 126.5463 542.0
JOU 35.5561 126.8676 44.11
KAN 37.7425 128.8893 26.0
KMS 36.1016 127.4837 171.26
KOH 34.6090 127.2733 53.27
KSA 38.5953 128.3512 0.0
KUC 35.6675 127.9079 220.88
KUJ 34.8843 128.6041 45.26
KUM 36.1232 128.3202 47.86
KUS 36.0005 126.7848 209.83
KWA 35.1731 126.8909 71.0
KWJ 35.1599 126.9909 0.0
MAS 35.1855 128.5670 3.31
MIY 35.4863 128.7410 12.59
MOP 34.8081 126.3765 37.88
MUA 35.0876 126.2855 24.49
MUG 36.6213 128.1505 170.36
MUS 37.8881 126.7594 40.00
NAW 35.4013 127.3343 89.70
POH 36.0329 129.3796 2.0
POR 36.3211 126.5555 15.29
PUA 35.7225 126.7178 10.68
PUS 35.1010 129.0339 70.0
SAC 35.4060 127.8754 138.56
SEO 37.4879 126.9188 34.0
SES 36.7892 126.4531 0.0
SGP 33.2587 126.4994 222.0
SNU 37.4533 126.9538 0.0
SOC 38.2421 128.5668 17.79
SOG 33.2390 126.5671 51.0
SOS 36.7770 126.4942 26.0
SUC 35.0696 127.2380 74.38
SWO 37.2669 126.9669 56.60
TAB 37.1672 128.9883 713.44
TAG 35.8760 128.6194 58.0
TEJ 36.3681 127.3712 68.0
TJN 36.3805 127.3615 0.0
TOH 37.5025 129.1225 39.60
ULC 36.9918 129.4133 49.0
ULL 37.4736 130.9008 221.0
ULS 35.5542 129.3202 34.69
ULJ 36.7020 129.4084 0.0
WAN 34.3956 126.7017 34.0
WON 37.3372 127.9470 149.0
YAP 37.4846 127.4912 47.00
YOC 35.9713 128.9522 94.09
YOD 36.5248 129.4071 41.23
YOJ 36.8680 128.5181 210.21
YOS 34.7350 127.7388 66.05
YOW 37.1736 128.4556 239.79
